2023-09-04 15:21:49 INFO  [main] x.a.cookbook.CookbookApplication - Starting CookbookApplication using Java 20.0.2 with PID 2792 (D:\Projects\cookbook-app\target\classes started by lcastaa in D:\Projects\cookbook-app)
2023-09-04 15:21:49 INFO  [main] x.a.cookbook.CookbookApplication - No active profile set, falling back to 1 default profile: "default"
2023-09-04 15:21:51 INFO  [main] o.s.d.r.c.RepositoryConfigurationDelegate - Bootstrapping Spring Data JPA repositories in DEFAULT mode.
2023-09-04 15:21:51 INFO  [main] o.s.d.r.c.RepositoryConfigurationDelegate - Finished Spring Data repository scanning in 132 ms. Found 3 JPA repository interfaces.
2023-09-04 15:21:53 INFO  [main] o.s.b.w.e.tomcat.TomcatWebServer - Tomcat initialized with port(s): 8080 (http)
2023-09-04 15:21:53 INFO  [main] o.a.coyote.http11.Http11NioProtocol - Initializing ProtocolHandler ["http-nio-8080"]
2023-09-04 15:21:53 INFO  [main] o.a.catalina.core.StandardService - Starting service [Tomcat]
2023-09-04 15:21:53 INFO  [main] o.a.catalina.core.StandardEngine - Starting Servlet engine: [Apache Tomcat/10.1.12]
2023-09-04 15:21:53 INFO  [main] o.a.c.c.C.[Tomcat].[localhost].[/] - Initializing Spring embedded WebApplicationContext
2023-09-04 15:21:53 INFO  [main] o.s.b.w.s.c.ServletWebServerApplicationContext - Root WebApplicationContext: initialization completed in 3689 ms
2023-09-04 15:21:53 INFO  [main] o.h.jpa.internal.util.LogHelper - HHH000204: Processing PersistenceUnitInfo [name: default]
2023-09-04 15:21:53 INFO  [main] org.hibernate.Version - HHH000412: Hibernate ORM core version 6.2.7.Final
2023-09-04 15:21:54 INFO  [main] org.hibernate.cfg.Environment - HHH000406: Using bytecode reflection optimizer
2023-09-04 15:21:54 INFO  [main] o.h.b.i.BytecodeProviderInitiator - HHH000021: Bytecode provider name : bytebuddy
2023-09-04 15:21:54 INFO  [main] o.s.o.j.p.SpringPersistenceUnitInfo - No LoadTimeWeaver setup: ignoring JPA class transformer
2023-09-04 15:21:54 INFO  [main] com.zaxxer.hikari.HikariDataSource - cookbook - Starting...
2023-09-04 15:21:55 INFO  [main] com.zaxxer.hikari.pool.HikariPool - cookbook - Added connection org.postgresql.jdbc.PgConnection@66234b0f
2023-09-04 15:21:55 INFO  [main] com.zaxxer.hikari.HikariDataSource - cookbook - Start completed.
2023-09-04 15:21:55 INFO  [main] o.h.b.i.BytecodeProviderInitiator - HHH000021: Bytecode provider name : bytebuddy
2023-09-04 15:21:57 INFO  [main] o.h.e.t.j.p.i.JtaPlatformInitiator - HHH000490: Using JtaPlatform implementation: [org.hibernate.engine.transaction.jta.platform.internal.NoJtaPlatform]
2023-09-04 15:21:57 INFO  [main] o.s.o.j.LocalContainerEntityManagerFactoryBean - Initialized JPA EntityManagerFactory for persistence unit 'default'
2023-09-04 15:21:58 INFO  [main] o.s.d.j.r.query.QueryEnhancerFactory - Hibernate is in classpath; If applicable, HQL parser will be used.
2023-09-04 15:21:59 WARN  [main] o.s.b.a.o.j.JpaBaseConfiguration$JpaWebConfiguration - spring.jpa.open-in-view is enabled by default. Therefore, database queries may be performed during view rendering. Explicitly configure spring.jpa.open-in-view to disable this warning
2023-09-04 15:22:00 INFO  [main] o.s.s.web.DefaultSecurityFilterChain - Will secure any request with [org.springframework.security.web.session.DisableEncodeUrlFilter@333d5a0c, org.springframework.security.web.context.request.async.WebAsyncManagerIntegrationFilter@1abf38d1, org.springframework.security.web.context.SecurityContextHolderFilter@2f08e6d3, org.springframework.security.web.header.HeaderWriterFilter@4795876e, org.springframework.security.web.authentication.logout.LogoutFilter@59f56892, xyz.aqlabs.cookbook.security.JwtAuthenticationFilter@376bae20, org.springframework.security.web.savedrequest.RequestCacheAwareFilter@50f65fe0, org.springframework.security.web.servletapi.SecurityContextHolderAwareRequestFilter@18a538a0, org.springframework.security.web.authentication.AnonymousAuthenticationFilter@1d3bf0af, org.springframework.security.web.session.SessionManagementFilter@69b436a7, org.springframework.security.web.access.ExceptionTranslationFilter@4fe8ac61, org.springframework.security.web.access.intercept.FilterSecurityInterceptor@5efa05f9]
2023-09-04 15:22:00 INFO  [main] o.a.coyote.http11.Http11NioProtocol - Starting ProtocolHandler ["http-nio-8080"]
2023-09-04 15:22:00 INFO  [main] o.s.b.w.e.tomcat.TomcatWebServer - Tomcat started on port(s): 8080 (http) with context path ''
2023-09-04 15:22:00 INFO  [main] x.a.cookbook.CookbookApplication - Started CookbookApplication in 11.942 seconds (process running for 16.497)
2023-09-04 15:29:50 INFO  [SpringApplicationShutdownHook] o.s.o.j.LocalContainerEntityManagerFactoryBean - Closing JPA EntityManagerFactory for persistence unit 'default'
2023-09-04 15:29:50 INFO  [SpringApplicationShutdownHook] com.zaxxer.hikari.HikariDataSource - cookbook - Shutdown initiated...
2023-09-04 15:29:50 INFO  [SpringApplicationShutdownHook] com.zaxxer.hikari.HikariDataSource - cookbook - Shutdown completed.
2023-09-04 15:32:28 INFO  [main] x.a.cookbook.CookbookApplication - Starting CookbookApplication using Java 20.0.2 with PID 12800 (D:\Projects\cookbook-app\target\classes started by lcastaa in D:\Projects\cookbook-app)
2023-09-04 15:32:28 INFO  [main] x.a.cookbook.CookbookApplication - No active profile set, falling back to 1 default profile: "default"
2023-09-04 15:32:29 INFO  [main] o.s.d.r.c.RepositoryConfigurationDelegate - Bootstrapping Spring Data JPA repositories in DEFAULT mode.
2023-09-04 15:32:30 INFO  [main] o.s.d.r.c.RepositoryConfigurationDelegate - Finished Spring Data repository scanning in 171 ms. Found 3 JPA repository interfaces.
2023-09-04 15:32:31 INFO  [main] o.s.b.w.e.tomcat.TomcatWebServer - Tomcat initialized with port(s): 8080 (http)
2023-09-04 15:32:31 INFO  [main] o.a.coyote.http11.Http11NioProtocol - Initializing ProtocolHandler ["http-nio-8080"]
2023-09-04 15:32:31 INFO  [main] o.a.catalina.core.StandardService - Starting service [Tomcat]
2023-09-04 15:32:31 INFO  [main] o.a.catalina.core.StandardEngine - Starting Servlet engine: [Apache Tomcat/10.1.12]
2023-09-04 15:32:32 INFO  [main] o.a.c.c.C.[Tomcat].[localhost].[/] - Initializing Spring embedded WebApplicationContext
2023-09-04 15:32:32 INFO  [main] o.s.b.w.s.c.ServletWebServerApplicationContext - Root WebApplicationContext: initialization completed in 3851 ms
2023-09-04 15:32:32 INFO  [main] o.h.jpa.internal.util.LogHelper - HHH000204: Processing PersistenceUnitInfo [name: default]
2023-09-04 15:32:32 INFO  [main] org.hibernate.Version - HHH000412: Hibernate ORM core version 6.2.7.Final
2023-09-04 15:32:32 INFO  [main] org.hibernate.cfg.Environment - HHH000406: Using bytecode reflection optimizer
2023-09-04 15:32:33 INFO  [main] o.h.b.i.BytecodeProviderInitiator - HHH000021: Bytecode provider name : bytebuddy
2023-09-04 15:32:33 INFO  [main] o.s.o.j.p.SpringPersistenceUnitInfo - No LoadTimeWeaver setup: ignoring JPA class transformer
2023-09-04 15:32:33 INFO  [main] com.zaxxer.hikari.HikariDataSource - cookbook - Starting...
2023-09-04 15:32:33 INFO  [main] com.zaxxer.hikari.pool.HikariPool - cookbook - Added connection org.postgresql.jdbc.PgConnection@66234b0f
2023-09-04 15:32:33 INFO  [main] com.zaxxer.hikari.HikariDataSource - cookbook - Start completed.
2023-09-04 15:32:34 INFO  [main] o.h.b.i.BytecodeProviderInitiator - HHH000021: Bytecode provider name : bytebuddy
2023-09-04 15:32:36 INFO  [main] o.h.e.t.j.p.i.JtaPlatformInitiator - HHH000490: Using JtaPlatform implementation: [org.hibernate.engine.transaction.jta.platform.internal.NoJtaPlatform]
2023-09-04 15:32:36 INFO  [main] o.s.o.j.LocalContainerEntityManagerFactoryBean - Initialized JPA EntityManagerFactory for persistence unit 'default'
2023-09-04 15:32:36 INFO  [main] o.s.d.j.r.query.QueryEnhancerFactory - Hibernate is in classpath; If applicable, HQL parser will be used.
2023-09-04 15:32:38 WARN  [main] o.s.b.a.o.j.JpaBaseConfiguration$JpaWebConfiguration - spring.jpa.open-in-view is enabled by default. Therefore, database queries may be performed during view rendering. Explicitly configure spring.jpa.open-in-view to disable this warning
2023-09-04 15:32:38 INFO  [main] o.s.s.web.DefaultSecurityFilterChain - Will secure any request with [org.springframework.security.web.session.DisableEncodeUrlFilter@28f7cca4, org.springframework.security.web.context.request.async.WebAsyncManagerIntegrationFilter@6015c745, org.springframework.security.web.context.SecurityContextHolderFilter@665c79a2, org.springframework.security.web.header.HeaderWriterFilter@22bbbe6, org.springframework.security.web.authentication.logout.LogoutFilter@36e95b7b, xyz.aqlabs.cookbook.security.JwtAuthenticationFilter@376bae20, org.springframework.security.web.savedrequest.RequestCacheAwareFilter@2e895acb, org.springframework.security.web.servletapi.SecurityContextHolderAwareRequestFilter@5d1d05ff, org.springframework.security.web.authentication.AnonymousAuthenticationFilter@2d541e01, org.springframework.security.web.session.SessionManagementFilter@54c1878b, org.springframework.security.web.access.ExceptionTranslationFilter@68e6856c, org.springframework.security.web.access.intercept.FilterSecurityInterceptor@5457123a]
2023-09-04 15:32:39 INFO  [main] o.a.coyote.http11.Http11NioProtocol - Starting ProtocolHandler ["http-nio-8080"]
2023-09-04 15:32:39 INFO  [main] o.s.b.w.e.tomcat.TomcatWebServer - Tomcat started on port(s): 8080 (http) with context path ''
2023-09-04 15:32:39 INFO  [main] x.a.cookbook.CookbookApplication - Started CookbookApplication in 12.497 seconds (process running for 13.902)
2023-09-04 15:38:47 INFO  [http-nio-8080-exec-1] o.a.c.c.C.[Tomcat].[localhost].[/] - Initializing Spring DispatcherServlet 'dispatcherServlet'
2023-09-04 15:38:47 INFO  [http-nio-8080-exec-1] o.s.web.servlet.DispatcherServlet - Initializing Servlet 'dispatcherServlet'
2023-09-04 15:38:47 INFO  [http-nio-8080-exec-1] o.s.web.servlet.DispatcherServlet - Completed initialization in 2 ms
2023-09-04 15:38:57 INFO  [http-nio-8080-exec-6] x.a.c.security.AuthenticationService - [o][o][o]---| METHOD EXECUTING: logIn(-376654541) |---[o][o][o]
2023-09-04 15:38:57 INFO  [http-nio-8080-exec-6] x.a.c.security.AuthenticationService - Attempting to VALIDATE credentials in [dto]: -376654541.
2023-09-04 15:38:57 INFO  [http-nio-8080-exec-6] x.a.c.security.AuthenticationService - CHECKING if USER with [username]: lcastaa exists.
2023-09-04 15:38:57 INFO  [http-nio-8080-exec-6] x.a.c.security.AuthenticationService - AUTHENTICATION PASSED
2023-09-04 15:38:57 INFO  [http-nio-8080-exec-1] x.a.cookbook.service.CookbookService - [o][o][o]---| METHOD EXECUTING: getByUserId(1) |---[o][o][o]
2023-09-04 15:38:58 INFO  [http-nio-8080-exec-1] x.a.cookbook.service.CookbookService - [x][x][x]---| METHOD EXITING: getByUserId(1) |---[x][x][x]
2023-09-04 15:39:11 INFO  [http-nio-8080-exec-6] x.a.cookbook.service.CookbookService - [o][o][o]---| METHOD EXECUTING: getByCookBookId(1902) |---[o][o][o]
2023-09-04 15:39:11 INFO  [http-nio-8080-exec-6] x.a.cookbook.service.CookbookService - [x][x][x]---| METHOD EXITING: getByCookBookId(1902) |---[x][x][x]
2023-09-04 15:58:42 INFO  [SpringApplicationShutdownHook] o.s.o.j.LocalContainerEntityManagerFactoryBean - Closing JPA EntityManagerFactory for persistence unit 'default'
2023-09-04 15:58:42 INFO  [SpringApplicationShutdownHook] com.zaxxer.hikari.HikariDataSource - cookbook - Shutdown initiated...
2023-09-04 15:58:42 INFO  [SpringApplicationShutdownHook] com.zaxxer.hikari.HikariDataSource - cookbook - Shutdown completed.
