2023-09-05 12:39:03 INFO  [main] x.a.cookbook.CookbookApplication - Starting CookbookApplication using Java 20.0.2 with PID 14900 (D:\Projects\cookbook-app\target\classes started by lcastaa in D:\Projects\cookbook-app)
2023-09-05 12:39:03 INFO  [main] x.a.cookbook.CookbookApplication - No active profile set, falling back to 1 default profile: "default"
2023-09-05 12:39:06 INFO  [main] o.s.d.r.c.RepositoryConfigurationDelegate - Bootstrapping Spring Data JPA repositories in DEFAULT mode.
2023-09-05 12:39:06 INFO  [main] o.s.d.r.c.RepositoryConfigurationDelegate - Finished Spring Data repository scanning in 156 ms. Found 3 JPA repository interfaces.
2023-09-05 12:39:08 INFO  [main] o.s.b.w.e.tomcat.TomcatWebServer - Tomcat initialized with port(s): 8080 (http)
2023-09-05 12:39:08 INFO  [main] o.a.coyote.http11.Http11NioProtocol - Initializing ProtocolHandler ["http-nio-8080"]
2023-09-05 12:39:08 INFO  [main] o.a.catalina.core.StandardService - Starting service [Tomcat]
2023-09-05 12:39:08 INFO  [main] o.a.catalina.core.StandardEngine - Starting Servlet engine: [Apache Tomcat/10.1.12]
2023-09-05 12:39:08 INFO  [main] o.a.c.c.C.[Tomcat].[localhost].[/] - Initializing Spring embedded WebApplicationContext
2023-09-05 12:39:08 INFO  [main] o.s.b.w.s.c.ServletWebServerApplicationContext - Root WebApplicationContext: initialization completed in 4515 ms
2023-09-05 12:39:08 INFO  [main] o.h.jpa.internal.util.LogHelper - HHH000204: Processing PersistenceUnitInfo [name: default]
2023-09-05 12:39:09 INFO  [main] org.hibernate.Version - HHH000412: Hibernate ORM core version 6.2.7.Final
2023-09-05 12:39:09 INFO  [main] org.hibernate.cfg.Environment - HHH000406: Using bytecode reflection optimizer
2023-09-05 12:39:09 INFO  [main] o.h.b.i.BytecodeProviderInitiator - HHH000021: Bytecode provider name : bytebuddy
2023-09-05 12:39:09 INFO  [main] o.s.o.j.p.SpringPersistenceUnitInfo - No LoadTimeWeaver setup: ignoring JPA class transformer
2023-09-05 12:39:09 INFO  [main] com.zaxxer.hikari.HikariDataSource - cookbook - Starting...
2023-09-05 12:39:10 INFO  [main] com.zaxxer.hikari.pool.HikariPool - cookbook - Added connection org.postgresql.jdbc.PgConnection@2fba0dac
2023-09-05 12:39:10 INFO  [main] com.zaxxer.hikari.HikariDataSource - cookbook - Start completed.
2023-09-05 12:39:11 INFO  [main] o.h.b.i.BytecodeProviderInitiator - HHH000021: Bytecode provider name : bytebuddy
2023-09-05 12:39:12 INFO  [main] o.h.e.t.j.p.i.JtaPlatformInitiator - HHH000490: Using JtaPlatform implementation: [org.hibernate.engine.transaction.jta.platform.internal.NoJtaPlatform]
2023-09-05 12:39:13 INFO  [main] o.s.o.j.LocalContainerEntityManagerFactoryBean - Initialized JPA EntityManagerFactory for persistence unit 'default'
2023-09-05 12:39:13 INFO  [main] o.s.d.j.r.query.QueryEnhancerFactory - Hibernate is in classpath; If applicable, HQL parser will be used.
2023-09-05 12:39:15 WARN  [main] o.s.b.a.o.j.JpaBaseConfiguration$JpaWebConfiguration - spring.jpa.open-in-view is enabled by default. Therefore, database queries may be performed during view rendering. Explicitly configure spring.jpa.open-in-view to disable this warning
2023-09-05 12:39:16 INFO  [main] o.s.s.web.DefaultSecurityFilterChain - Will secure any request with [org.springframework.security.web.session.DisableEncodeUrlFilter@14ecd835, org.springframework.security.web.context.request.async.WebAsyncManagerIntegrationFilter@19c578bf, org.springframework.security.web.context.SecurityContextHolderFilter@2c3d1214, org.springframework.security.web.header.HeaderWriterFilter@1ead6e20, org.springframework.security.web.authentication.logout.LogoutFilter@18f1a81a, xyz.aqlabs.cookbook.security.JwtAuthenticationFilter@7136ad9a, org.springframework.security.web.savedrequest.RequestCacheAwareFilter@7d018c58, org.springframework.security.web.servletapi.SecurityContextHolderAwareRequestFilter@6a2b6031, org.springframework.security.web.authentication.AnonymousAuthenticationFilter@1eeb9e5c, org.springframework.security.web.session.SessionManagementFilter@2e895acb, org.springframework.security.web.access.ExceptionTranslationFilter@53a645a2, org.springframework.security.web.access.intercept.FilterSecurityInterceptor@6c04310f]
2023-09-05 12:39:16 INFO  [main] o.a.coyote.http11.Http11NioProtocol - Starting ProtocolHandler ["http-nio-8080"]
2023-09-05 12:39:17 INFO  [main] o.s.b.w.e.tomcat.TomcatWebServer - Tomcat started on port(s): 8080 (http) with context path ''
2023-09-05 12:39:17 INFO  [main] x.a.cookbook.CookbookApplication - Started CookbookApplication in 14.302 seconds (process running for 18.676)
2023-09-05 12:40:28 INFO  [http-nio-8080-exec-1] o.a.c.c.C.[Tomcat].[localhost].[/] - Initializing Spring DispatcherServlet 'dispatcherServlet'
2023-09-05 12:40:28 INFO  [http-nio-8080-exec-1] o.s.web.servlet.DispatcherServlet - Initializing Servlet 'dispatcherServlet'
2023-09-05 12:40:28 INFO  [http-nio-8080-exec-1] o.s.web.servlet.DispatcherServlet - Completed initialization in 1 ms
2023-09-05 12:43:08 INFO  [http-nio-8080-exec-7] x.a.c.security.AuthenticationService - [o][o][o]---| METHOD EXECUTING: logIn(-376654541) |---[o][o][o]
2023-09-05 12:43:08 INFO  [http-nio-8080-exec-7] x.a.c.security.AuthenticationService - Attempting to VALIDATE credentials in [dto]: -376654541.
2023-09-05 12:43:08 INFO  [http-nio-8080-exec-7] x.a.c.security.AuthenticationService - CHECKING if USER with [username]: lcastaa exists.
2023-09-05 12:43:08 INFO  [http-nio-8080-exec-7] x.a.c.security.AuthenticationService - AUTHENTICATION PASSED
2023-09-05 12:43:08 INFO  [http-nio-8080-exec-3] x.a.cookbook.service.CookbookService - [o][o][o]---| METHOD EXECUTING: getByUserId(1) |---[o][o][o]
2023-09-05 12:43:08 INFO  [http-nio-8080-exec-3] x.a.cookbook.service.CookbookService - [x][x][x]---| METHOD EXITING: getByUserId(1) |---[x][x][x]
2023-09-05 12:43:20 INFO  [http-nio-8080-exec-7] x.a.cookbook.service.CookbookService - [o][o][o]---| METHOD EXECUTING: getByCookBookId(1902) |---[o][o][o]
2023-09-05 12:43:20 INFO  [http-nio-8080-exec-7] x.a.cookbook.service.CookbookService - [x][x][x]---| METHOD EXITING: getByCookBookId(1902) |---[x][x][x]
2023-09-05 12:43:42 INFO  [SpringApplicationShutdownHook] o.s.o.j.LocalContainerEntityManagerFactoryBean - Closing JPA EntityManagerFactory for persistence unit 'default'
2023-09-05 12:43:42 INFO  [SpringApplicationShutdownHook] com.zaxxer.hikari.HikariDataSource - cookbook - Shutdown initiated...
2023-09-05 12:43:42 INFO  [SpringApplicationShutdownHook] com.zaxxer.hikari.HikariDataSource - cookbook - Shutdown completed.
2023-09-05 12:46:33 INFO  [main] x.a.cookbook.CookbookApplication - Starting CookbookApplication using Java 20.0.2 with PID 3444 (D:\Projects\cookbook-app\target\classes started by lcastaa in D:\Projects\cookbook-app)
2023-09-05 12:46:33 INFO  [main] x.a.cookbook.CookbookApplication - No active profile set, falling back to 1 default profile: "default"
2023-09-05 12:46:35 INFO  [main] o.s.d.r.c.RepositoryConfigurationDelegate - Bootstrapping Spring Data JPA repositories in DEFAULT mode.
2023-09-05 12:46:35 INFO  [main] o.s.d.r.c.RepositoryConfigurationDelegate - Finished Spring Data repository scanning in 183 ms. Found 3 JPA repository interfaces.
2023-09-05 12:46:37 INFO  [main] o.s.b.w.e.tomcat.TomcatWebServer - Tomcat initialized with port(s): 8080 (http)
2023-09-05 12:46:37 INFO  [main] o.a.coyote.http11.Http11NioProtocol - Initializing ProtocolHandler ["http-nio-8080"]
2023-09-05 12:46:37 INFO  [main] o.a.catalina.core.StandardService - Starting service [Tomcat]
2023-09-05 12:46:37 INFO  [main] o.a.catalina.core.StandardEngine - Starting Servlet engine: [Apache Tomcat/10.1.12]
2023-09-05 12:46:37 INFO  [main] o.a.c.c.C.[Tomcat].[localhost].[/] - Initializing Spring embedded WebApplicationContext
2023-09-05 12:46:37 INFO  [main] o.s.b.w.s.c.ServletWebServerApplicationContext - Root WebApplicationContext: initialization completed in 3688 ms
2023-09-05 12:46:37 INFO  [main] o.h.jpa.internal.util.LogHelper - HHH000204: Processing PersistenceUnitInfo [name: default]
2023-09-05 12:46:37 INFO  [main] org.hibernate.Version - HHH000412: Hibernate ORM core version 6.2.7.Final
2023-09-05 12:46:38 INFO  [main] org.hibernate.cfg.Environment - HHH000406: Using bytecode reflection optimizer
2023-09-05 12:46:38 INFO  [main] o.h.b.i.BytecodeProviderInitiator - HHH000021: Bytecode provider name : bytebuddy
2023-09-05 12:46:38 INFO  [main] o.s.o.j.p.SpringPersistenceUnitInfo - No LoadTimeWeaver setup: ignoring JPA class transformer
2023-09-05 12:46:38 INFO  [main] com.zaxxer.hikari.HikariDataSource - cookbook - Starting...
2023-09-05 12:46:39 INFO  [main] com.zaxxer.hikari.pool.HikariPool - cookbook - Added connection org.postgresql.jdbc.PgConnection@2fca3eb5
2023-09-05 12:46:39 INFO  [main] com.zaxxer.hikari.HikariDataSource - cookbook - Start completed.
2023-09-05 12:46:39 INFO  [main] o.h.b.i.BytecodeProviderInitiator - HHH000021: Bytecode provider name : bytebuddy
2023-09-05 12:46:41 INFO  [main] o.h.e.t.j.p.i.JtaPlatformInitiator - HHH000490: Using JtaPlatform implementation: [org.hibernate.engine.transaction.jta.platform.internal.NoJtaPlatform]
2023-09-05 12:46:41 INFO  [main] o.s.o.j.LocalContainerEntityManagerFactoryBean - Initialized JPA EntityManagerFactory for persistence unit 'default'
2023-09-05 12:46:41 INFO  [main] o.s.d.j.r.query.QueryEnhancerFactory - Hibernate is in classpath; If applicable, HQL parser will be used.
2023-09-05 12:46:43 WARN  [main] o.s.b.a.o.j.JpaBaseConfiguration$JpaWebConfiguration - spring.jpa.open-in-view is enabled by default. Therefore, database queries may be performed during view rendering. Explicitly configure spring.jpa.open-in-view to disable this warning
2023-09-05 12:46:43 INFO  [main] o.s.s.web.DefaultSecurityFilterChain - Will secure any request with [org.springframework.security.web.session.DisableEncodeUrlFilter@19c578bf, org.springframework.security.web.context.request.async.WebAsyncManagerIntegrationFilter@1eeb9e5c, org.springframework.security.web.context.SecurityContextHolderFilter@48064a5a, org.springframework.security.web.header.HeaderWriterFilter@59f56892, org.springframework.security.web.authentication.logout.LogoutFilter@73ba3c4b, xyz.aqlabs.cookbook.security.JwtAuthenticationFilter@37f0fb02, org.springframework.security.web.savedrequest.RequestCacheAwareFilter@6a2b6031, org.springframework.security.web.servletapi.SecurityContextHolderAwareRequestFilter@2e4262d2, org.springframework.security.web.authentication.AnonymousAuthenticationFilter@2cca7d3c, org.springframework.security.web.session.SessionManagementFilter@5d1d05ff, org.springframework.security.web.access.ExceptionTranslationFilter@c8d20bb, org.springframework.security.web.access.intercept.FilterSecurityInterceptor@5ce7ab6f]
2023-09-05 12:46:44 INFO  [main] o.a.coyote.http11.Http11NioProtocol - Starting ProtocolHandler ["http-nio-8080"]
2023-09-05 12:46:44 INFO  [main] o.s.b.w.e.tomcat.TomcatWebServer - Tomcat started on port(s): 8080 (http) with context path ''
2023-09-05 12:46:44 INFO  [main] x.a.cookbook.CookbookApplication - Started CookbookApplication in 11.703 seconds (process running for 13.083)
2023-09-05 12:46:53 INFO  [http-nio-8080-exec-1] o.a.c.c.C.[Tomcat].[localhost].[/] - Initializing Spring DispatcherServlet 'dispatcherServlet'
2023-09-05 12:46:53 INFO  [http-nio-8080-exec-1] o.s.web.servlet.DispatcherServlet - Initializing Servlet 'dispatcherServlet'
2023-09-05 12:46:53 INFO  [http-nio-8080-exec-1] o.s.web.servlet.DispatcherServlet - Completed initialization in 1 ms
2023-09-05 12:46:54 INFO  [http-nio-8080-exec-4] x.a.cookbook.service.CookbookService - [o][o][o]---| METHOD EXECUTING: getByCookBookId(1902) |---[o][o][o]
2023-09-05 12:46:54 INFO  [http-nio-8080-exec-4] x.a.cookbook.service.CookbookService - [x][x][x]---| METHOD EXITING: getByCookBookId(1902) |---[x][x][x]
2023-09-05 12:47:05 INFO  [http-nio-8080-exec-10] x.a.cookbook.service.CookbookService - [o][o][o]---| METHOD EXECUTING: getByCookBookId(1902) |---[o][o][o]
2023-09-05 12:47:05 INFO  [http-nio-8080-exec-10] x.a.cookbook.service.CookbookService - [x][x][x]---| METHOD EXITING: getByCookBookId(1902) |---[x][x][x]
2023-09-05 12:47:10 WARN  [http-nio-8080-exec-2] o.s.w.s.m.s.DefaultHandlerExceptionResolver - Resolved [org.springframework.web.bind.MissingServletRequestParameterException: Required request parameter 'cookBookId' for method parameter type Integer is not present]
2023-09-05 13:43:10 WARN  [cookbook housekeeper] com.zaxxer.hikari.pool.HikariPool - cookbook - Thread starvation or clock leap detected (housekeeper delta=32m474ms453µs500ns).
2023-09-05 13:46:30 INFO  [http-nio-8080-exec-10] x.a.c.security.AuthenticationService - [o][o][o]---| METHOD EXECUTING: logIn(-376654541) |---[o][o][o]
2023-09-05 13:46:30 INFO  [http-nio-8080-exec-10] x.a.c.security.AuthenticationService - Attempting to VALIDATE credentials in [dto]: -376654541.
2023-09-05 13:46:30 INFO  [http-nio-8080-exec-10] x.a.c.security.AuthenticationService - CHECKING if USER with [username]: lcastaa exists.
2023-09-05 13:46:30 INFO  [http-nio-8080-exec-10] x.a.c.security.AuthenticationService - AUTHENTICATION PASSED
2023-09-05 13:46:41 INFO  [http-nio-8080-exec-9] x.a.cookbook.service.CookbookService - [o][o][o]---| METHOD EXECUTING: getByCookBookId(1902) |---[o][o][o]
2023-09-05 13:46:41 INFO  [http-nio-8080-exec-9] x.a.cookbook.service.CookbookService - [x][x][x]---| METHOD EXITING: getByCookBookId(1902) |---[x][x][x]
2023-09-05 14:50:34 INFO  [SpringApplicationShutdownHook] o.s.o.j.LocalContainerEntityManagerFactoryBean - Closing JPA EntityManagerFactory for persistence unit 'default'
2023-09-05 14:50:34 INFO  [SpringApplicationShutdownHook] com.zaxxer.hikari.HikariDataSource - cookbook - Shutdown initiated...
2023-09-05 14:50:34 INFO  [SpringApplicationShutdownHook] com.zaxxer.hikari.HikariDataSource - cookbook - Shutdown completed.
