2023-10-09 15:56:52 INFO  [main] x.a.cookbook.CookbookApplication - Starting CookbookApplication using Java 21 with PID 7609 (/home/luis/Documents/cookbook-app/target/classes started by luis in /home/luis/Documents/cookbook-app)
2023-10-09 15:56:52 INFO  [main] x.a.cookbook.CookbookApplication - No active profile set, falling back to 1 default profile: "default"
2023-10-09 15:56:53 INFO  [main] o.s.d.r.c.RepositoryConfigurationDelegate - Bootstrapping Spring Data JPA repositories in DEFAULT mode.
2023-10-09 15:56:53 INFO  [main] o.s.d.r.c.RepositoryConfigurationDelegate - Finished Spring Data repository scanning in 86 ms. Found 3 JPA repository interfaces.
2023-10-09 15:56:54 INFO  [main] o.s.b.w.e.tomcat.TomcatWebServer - Tomcat initialized with port(s): 8080 (http)
2023-10-09 15:56:54 INFO  [main] o.a.coyote.http11.Http11NioProtocol - Initializing ProtocolHandler ["http-nio-8080"]
2023-10-09 15:56:54 INFO  [main] o.a.catalina.core.StandardService - Starting service [Tomcat]
2023-10-09 15:56:54 INFO  [main] o.a.catalina.core.StandardEngine - Starting Servlet engine: [Apache Tomcat/10.1.12]
2023-10-09 15:56:54 INFO  [main] o.a.c.c.C.[Tomcat].[localhost].[/] - Initializing Spring embedded WebApplicationContext
2023-10-09 15:56:54 INFO  [main] o.s.b.w.s.c.ServletWebServerApplicationContext - Root WebApplicationContext: initialization completed in 1797 ms
2023-10-09 15:56:54 INFO  [main] o.h.jpa.internal.util.LogHelper - HHH000204: Processing PersistenceUnitInfo [name: default]
2023-10-09 15:56:54 INFO  [main] org.hibernate.Version - HHH000412: Hibernate ORM core version 6.2.7.Final
2023-10-09 15:56:54 INFO  [main] org.hibernate.cfg.Environment - HHH000406: Using bytecode reflection optimizer
2023-10-09 15:56:54 INFO  [main] o.h.b.i.BytecodeProviderInitiator - HHH000021: Bytecode provider name : bytebuddy
2023-10-09 15:56:54 INFO  [main] o.s.o.j.p.SpringPersistenceUnitInfo - No LoadTimeWeaver setup: ignoring JPA class transformer
2023-10-09 15:56:55 INFO  [main] com.zaxxer.hikari.HikariDataSource - cookbook - Starting...
2023-10-09 15:56:55 INFO  [main] com.zaxxer.hikari.pool.HikariPool - cookbook - Added connection org.postgresql.jdbc.PgConnection@4fc6e776
2023-10-09 15:56:55 INFO  [main] com.zaxxer.hikari.HikariDataSource - cookbook - Start completed.
2023-10-09 15:56:56 INFO  [main] o.h.b.i.BytecodeProviderInitiator - HHH000021: Bytecode provider name : bytebuddy
2023-10-09 15:56:56 INFO  [main] o.h.e.t.j.p.i.JtaPlatformInitiator - HHH000490: Using JtaPlatform implementation: [org.hibernate.engine.transaction.jta.platform.internal.NoJtaPlatform]
2023-10-09 15:56:57 INFO  [main] o.s.o.j.LocalContainerEntityManagerFactoryBean - Initialized JPA EntityManagerFactory for persistence unit 'default'
2023-10-09 15:56:58 INFO  [main] o.s.d.j.r.query.QueryEnhancerFactory - Hibernate is in classpath; If applicable, HQL parser will be used.
2023-10-09 15:56:58 WARN  [main] o.s.b.a.o.j.JpaBaseConfiguration$JpaWebConfiguration - spring.jpa.open-in-view is enabled by default. Therefore, database queries may be performed during view rendering. Explicitly configure spring.jpa.open-in-view to disable this warning
2023-10-09 15:56:59 INFO  [main] o.s.s.web.DefaultSecurityFilterChain - Will secure any request with [org.springframework.security.web.session.DisableEncodeUrlFilter@240c626d, org.springframework.security.web.context.request.async.WebAsyncManagerIntegrationFilter@53a645a2, org.springframework.security.web.context.SecurityContextHolderFilter@4d20cbb5, org.springframework.security.web.header.HeaderWriterFilter@2257590f, org.springframework.security.web.authentication.logout.LogoutFilter@75c095a5, xyz.aqlabs.cookbook.security.JwtAuthenticationFilter@193c810, org.springframework.security.web.savedrequest.RequestCacheAwareFilter@3c3357c7, org.springframework.security.web.servletapi.SecurityContextHolderAwareRequestFilter@506d7fed, org.springframework.security.web.authentication.AnonymousAuthenticationFilter@c8d20bb, org.springframework.security.web.session.SessionManagementFilter@f36c8b1, org.springframework.security.web.access.ExceptionTranslationFilter@735dc133, org.springframework.security.web.access.intercept.FilterSecurityInterceptor@4f96e484]
2023-10-09 15:56:59 INFO  [main] o.a.coyote.http11.Http11NioProtocol - Starting ProtocolHandler ["http-nio-8080"]
2023-10-09 15:56:59 INFO  [main] o.s.b.w.e.tomcat.TomcatWebServer - Tomcat started on port(s): 8080 (http) with context path ''
2023-10-09 15:56:59 INFO  [main] x.a.cookbook.CookbookApplication - Started CookbookApplication in 7.481 seconds (process running for 8.355)
2023-10-09 15:57:06 INFO  [http-nio-8080-exec-1] o.a.c.c.C.[Tomcat].[localhost].[/] - Initializing Spring DispatcherServlet 'dispatcherServlet'
2023-10-09 15:57:06 INFO  [http-nio-8080-exec-1] o.s.web.servlet.DispatcherServlet - Initializing Servlet 'dispatcherServlet'
2023-10-09 15:57:06 INFO  [http-nio-8080-exec-1] o.s.web.servlet.DispatcherServlet - Completed initialization in 1 ms
2023-10-09 15:59:08 INFO  [http-nio-8080-exec-9] x.a.c.controller.PageController - [o][o][o]---| Method INVOKED in Page Controller|---[o][o][o]
2023-10-09 15:59:08 INFO  [http-nio-8080-exec-9] x.a.c.controller.PageController - [o][o][o]---| getLoginForm() |---[o][o][o]
2023-10-09 15:59:12 INFO  [http-nio-8080-exec-3] x.a.c.controller.PageController - [o][o][o]---| Method INVOKED in Page Controller|---[o][o][o]
2023-10-09 15:59:12 INFO  [http-nio-8080-exec-3] x.a.c.controller.PageController - [o][o][o]---| getRegisterForm() |---[o][o][o]
2023-10-09 15:59:25 INFO  [http-nio-8080-exec-7] x.a.c.controller.PageController - [o][o][o]---| Method INVOKED in Page Controller|---[o][o][o]
2023-10-09 15:59:25 INFO  [http-nio-8080-exec-7] x.a.c.controller.PageController - [o][o][o]---| getRegisterForm() |---[o][o][o]
2023-10-09 15:59:27 INFO  [http-nio-8080-exec-10] x.a.c.controller.PageController - [o][o][o]---| Method INVOKED in Page Controller|---[o][o][o]
2023-10-09 15:59:27 INFO  [http-nio-8080-exec-10] x.a.c.controller.PageController - [o][o][o]---| getLoginForm() |---[o][o][o]
2023-10-09 15:59:33 INFO  [http-nio-8080-exec-5] x.a.c.c.AuthenticationController - [o][o][o]---| Method INVOKED in Authentication Controller|---[o][o][o]
2023-10-09 15:59:33 INFO  [http-nio-8080-exec-5] x.a.c.c.AuthenticationController - [o][o][o]---| login(-376654541) |---[o][o][o]
2023-10-09 15:59:33 INFO  [http-nio-8080-exec-5] x.a.c.security.AuthenticationService - [o][o][o]---| Method INVOKED in Authentication Service|---[o][o][o]
2023-10-09 15:59:33 INFO  [http-nio-8080-exec-5] x.a.c.security.AuthenticationService - [o][o][o]---| login(-376654541) |---[o][o][o]
2023-10-09 15:59:33 INFO  [http-nio-8080-exec-5] x.a.c.security.AuthenticationService - [X][X][X]---| ATTEMPTING to Validate credentials in [dto]: -376654541 |---[X][X][X]
2023-10-09 15:59:33 INFO  [http-nio-8080-exec-5] x.a.c.security.AuthenticationService - [X][X][X]---| Validation FAILED with [dto]: -376654541 |---[X][X][X]
2023-10-09 15:59:36 INFO  [http-nio-8080-exec-6] x.a.c.c.AuthenticationController - [o][o][o]---| Method INVOKED in Authentication Controller|---[o][o][o]
2023-10-09 15:59:36 INFO  [http-nio-8080-exec-6] x.a.c.c.AuthenticationController - [o][o][o]---| login(-376654541) |---[o][o][o]
2023-10-09 15:59:36 INFO  [http-nio-8080-exec-6] x.a.c.security.AuthenticationService - [o][o][o]---| Method INVOKED in Authentication Service|---[o][o][o]
2023-10-09 15:59:36 INFO  [http-nio-8080-exec-6] x.a.c.security.AuthenticationService - [o][o][o]---| login(-376654541) |---[o][o][o]
2023-10-09 15:59:36 INFO  [http-nio-8080-exec-6] x.a.c.security.AuthenticationService - [X][X][X]---| ATTEMPTING to Validate credentials in [dto]: -376654541 |---[X][X][X]
2023-10-09 15:59:37 INFO  [http-nio-8080-exec-6] x.a.c.security.AuthenticationService - [X][X][X]---| Validation FAILED with [dto]: -376654541 |---[X][X][X]
2023-10-09 15:59:50 INFO  [http-nio-8080-exec-7] x.a.c.c.AuthenticationController - [o][o][o]---| Method INVOKED in Authentication Controller|---[o][o][o]
2023-10-09 15:59:50 INFO  [http-nio-8080-exec-7] x.a.c.c.AuthenticationController - [o][o][o]---| login(-376654541) |---[o][o][o]
2023-10-09 15:59:50 INFO  [http-nio-8080-exec-7] x.a.c.security.AuthenticationService - [o][o][o]---| Method INVOKED in Authentication Service|---[o][o][o]
2023-10-09 15:59:50 INFO  [http-nio-8080-exec-7] x.a.c.security.AuthenticationService - [o][o][o]---| login(-376654541) |---[o][o][o]
2023-10-09 15:59:50 INFO  [http-nio-8080-exec-7] x.a.c.security.AuthenticationService - [X][X][X]---| ATTEMPTING to Validate credentials in [dto]: -376654541 |---[X][X][X]
2023-10-09 15:59:50 INFO  [http-nio-8080-exec-7] x.a.c.security.AuthenticationService - [X][X][X]---| Validation FAILED with [dto]: -376654541 |---[X][X][X]
2023-10-09 15:59:59 INFO  [http-nio-8080-exec-8] x.a.c.c.AuthenticationController - [o][o][o]---| Method INVOKED in Authentication Controller|---[o][o][o]
2023-10-09 15:59:59 INFO  [http-nio-8080-exec-8] x.a.c.c.AuthenticationController - [o][o][o]---| login(-273607472) |---[o][o][o]
2023-10-09 15:59:59 INFO  [http-nio-8080-exec-8] x.a.c.security.AuthenticationService - [o][o][o]---| Method INVOKED in Authentication Service|---[o][o][o]
2023-10-09 15:59:59 INFO  [http-nio-8080-exec-8] x.a.c.security.AuthenticationService - [o][o][o]---| login(-273607472) |---[o][o][o]
2023-10-09 15:59:59 INFO  [http-nio-8080-exec-8] x.a.c.security.AuthenticationService - [X][X][X]---| ATTEMPTING to Validate credentials in [dto]: -273607472 |---[X][X][X]
2023-10-09 15:59:59 INFO  [http-nio-8080-exec-8] x.a.c.security.AuthenticationService - [X][X][X]---| Validation FAILED with [dto]: -273607472 |---[X][X][X]
2023-10-09 16:00:06 INFO  [http-nio-8080-exec-9] x.a.c.c.AuthenticationController - [o][o][o]---| Method INVOKED in Authentication Controller|---[o][o][o]
2023-10-09 16:00:06 INFO  [http-nio-8080-exec-9] x.a.c.c.AuthenticationController - [o][o][o]---| login(-388842987) |---[o][o][o]
2023-10-09 16:00:06 INFO  [http-nio-8080-exec-9] x.a.c.security.AuthenticationService - [o][o][o]---| Method INVOKED in Authentication Service|---[o][o][o]
2023-10-09 16:00:06 INFO  [http-nio-8080-exec-9] x.a.c.security.AuthenticationService - [o][o][o]---| login(-388842987) |---[o][o][o]
2023-10-09 16:00:06 INFO  [http-nio-8080-exec-9] x.a.c.security.AuthenticationService - [X][X][X]---| ATTEMPTING to Validate credentials in [dto]: -388842987 |---[X][X][X]
2023-10-09 16:00:07 INFO  [http-nio-8080-exec-9] x.a.c.security.AuthenticationService - [X][X][X]---| Validation FAILED with [dto]: -388842987 |---[X][X][X]
2023-10-09 16:00:19 INFO  [http-nio-8080-exec-1] x.a.c.c.AuthenticationController - [o][o][o]---| Method INVOKED in Authentication Controller|---[o][o][o]
2023-10-09 16:00:19 INFO  [http-nio-8080-exec-1] x.a.c.c.AuthenticationController - [o][o][o]---| login(-273607472) |---[o][o][o]
2023-10-09 16:00:19 INFO  [http-nio-8080-exec-1] x.a.c.security.AuthenticationService - [o][o][o]---| Method INVOKED in Authentication Service|---[o][o][o]
2023-10-09 16:00:19 INFO  [http-nio-8080-exec-1] x.a.c.security.AuthenticationService - [o][o][o]---| login(-273607472) |---[o][o][o]
2023-10-09 16:00:19 INFO  [http-nio-8080-exec-1] x.a.c.security.AuthenticationService - [X][X][X]---| ATTEMPTING to Validate credentials in [dto]: -273607472 |---[X][X][X]
2023-10-09 16:00:20 INFO  [http-nio-8080-exec-1] x.a.c.security.AuthenticationService - [X][X][X]---| Validation FAILED with [dto]: -273607472 |---[X][X][X]
2023-10-09 16:00:25 INFO  [http-nio-8080-exec-10] x.a.c.c.AuthenticationController - [o][o][o]---| Method INVOKED in Authentication Controller|---[o][o][o]
2023-10-09 16:00:25 INFO  [http-nio-8080-exec-10] x.a.c.c.AuthenticationController - [o][o][o]---| login(-376531532) |---[o][o][o]
2023-10-09 16:00:25 INFO  [http-nio-8080-exec-10] x.a.c.security.AuthenticationService - [o][o][o]---| Method INVOKED in Authentication Service|---[o][o][o]
2023-10-09 16:00:25 INFO  [http-nio-8080-exec-10] x.a.c.security.AuthenticationService - [o][o][o]---| login(-376531532) |---[o][o][o]
2023-10-09 16:00:25 INFO  [http-nio-8080-exec-10] x.a.c.security.AuthenticationService - [X][X][X]---| ATTEMPTING to Validate credentials in [dto]: -376531532 |---[X][X][X]
2023-10-09 16:00:25 INFO  [http-nio-8080-exec-10] x.a.c.security.AuthenticationService - [X][X][X]---| Validation FAILED with [dto]: -376531532 |---[X][X][X]
2023-10-09 16:00:52 INFO  [http-nio-8080-exec-3] x.a.c.c.AuthenticationController - [o][o][o]---| Method INVOKED in Authentication Controller|---[o][o][o]
2023-10-09 16:00:52 INFO  [http-nio-8080-exec-3] x.a.c.c.AuthenticationController - [o][o][o]---| login(-376531532) |---[o][o][o]
2023-10-09 16:00:52 INFO  [http-nio-8080-exec-3] x.a.c.security.AuthenticationService - [o][o][o]---| Method INVOKED in Authentication Service|---[o][o][o]
2023-10-09 16:00:52 INFO  [http-nio-8080-exec-3] x.a.c.security.AuthenticationService - [o][o][o]---| login(-376531532) |---[o][o][o]
2023-10-09 16:00:52 INFO  [http-nio-8080-exec-3] x.a.c.security.AuthenticationService - [X][X][X]---| ATTEMPTING to Validate credentials in [dto]: -376531532 |---[X][X][X]
2023-10-09 16:00:53 INFO  [http-nio-8080-exec-3] x.a.c.security.AuthenticationService - [X][X][X]---| Validation FAILED with [dto]: -376531532 |---[X][X][X]
2023-10-09 16:01:42 INFO  [http-nio-8080-exec-4] x.a.c.controller.PageController - [o][o][o]---| Method INVOKED in Page Controller|---[o][o][o]
2023-10-09 16:01:42 INFO  [http-nio-8080-exec-4] x.a.c.controller.PageController - [o][o][o]---| getRegisterForm() |---[o][o][o]
2023-10-09 16:01:59 INFO  [http-nio-8080-exec-8] x.a.c.controller.PageController - [o][o][o]---| Method INVOKED in Page Controller|---[o][o][o]
2023-10-09 16:01:59 INFO  [http-nio-8080-exec-8] x.a.c.controller.PageController - [o][o][o]---| getRegisterForm() |---[o][o][o]
2023-10-09 16:02:04 INFO  [http-nio-8080-exec-2] x.a.c.controller.PageController - [o][o][o]---| Method INVOKED in Page Controller|---[o][o][o]
2023-10-09 16:02:04 INFO  [http-nio-8080-exec-2] x.a.c.controller.PageController - [o][o][o]---| getLoginForm() |---[o][o][o]
2023-10-09 16:05:37 INFO  [http-nio-8080-exec-8] x.a.c.controller.PageController - [o][o][o]---| Method INVOKED in Page Controller|---[o][o][o]
2023-10-09 16:05:37 INFO  [http-nio-8080-exec-8] x.a.c.controller.PageController - [o][o][o]---| getRegisterForm() |---[o][o][o]
2023-10-09 16:08:25 INFO  [SpringApplicationShutdownHook] o.s.o.j.LocalContainerEntityManagerFactoryBean - Closing JPA EntityManagerFactory for persistence unit 'default'
2023-10-09 16:08:25 INFO  [SpringApplicationShutdownHook] com.zaxxer.hikari.HikariDataSource - cookbook - Shutdown initiated...
2023-10-09 16:08:25 INFO  [SpringApplicationShutdownHook] com.zaxxer.hikari.HikariDataSource - cookbook - Shutdown completed.
